2025-05-06 20:51:27,265 [INFO] Initializing BrainFlow BoardShim...
2025-05-06 20:51:29,280 [INFO] ---- Starting the EEG Data Streaming ----
2025-05-06 20:51:29,756 [WARNING] Data packet too small: 116 samples. Attempting to recover...
2025-05-06 20:51:29,856 [WARNING] Data packet too small: 145 samples. Attempting to recover...
2025-05-06 20:51:29,957 [WARNING] Data packet too small: 166 samples. Attempting to recover...
2025-05-06 20:51:30,058 [WARNING] Data packet too small: 195 samples. Attempting to recover...
2025-05-06 20:51:30,158 [WARNING] Data packet too small: 220 samples. Attempting to recover...
2025-05-06 20:51:30,259 [WARNING] Data packet too small: 245 samples. Attempting to recover...
2025-05-06 20:51:30,360 [WARNING] Data packet too small: 270 samples. Attempting to recover...
2025-05-06 20:51:30,461 [WARNING] Data packet too small: 295 samples. Attempting to recover...
2025-05-06 20:51:30,562 [WARNING] Data packet too small: 320 samples. Attempting to recover...
2025-05-06 20:51:30,662 [WARNING] Data packet too small: 345 samples. Attempting to recover...
2025-05-06 20:51:30,763 [WARNING] Data packet too small: 370 samples. Attempting to recover...
2025-05-06 20:51:30,863 [WARNING] Data packet too small: 395 samples. Attempting to recover...
2025-05-06 20:51:30,964 [WARNING] Data packet too small: 420 samples. Attempting to recover...
2025-05-06 20:51:31,064 [WARNING] Data packet too small: 445 samples. Attempting to recover...
2025-05-06 20:51:31,165 [WARNING] Data packet too small: 470 samples. Attempting to recover...
2025-05-06 20:51:31,265 [WARNING] Data packet too small: 495 samples. Attempting to recover...
2025-05-06 20:51:31,366 [WARNING] Data packet too small: 520 samples. Attempting to recover...
2025-05-06 20:51:31,466 [WARNING] Data packet too small: 545 samples. Attempting to recover...
2025-05-06 20:51:31,567 [WARNING] Data packet too small: 570 samples. Attempting to recover...
2025-05-06 20:51:31,667 [WARNING] Data packet too small: 595 samples. Attempting to recover...
2025-05-06 20:51:31,768 [WARNING] Data packet too small: 620 samples. Attempting to recover...
2025-05-06 20:51:31,868 [WARNING] Data packet too small: 645 samples. Attempting to recover...
2025-05-06 20:51:31,969 [WARNING] Data packet too small: 670 samples. Attempting to recover...
2025-05-06 20:51:32,069 [WARNING] Data packet too small: 695 samples. Attempting to recover...
2025-05-06 20:51:32,170 [WARNING] Data packet too small: 720 samples. Attempting to recover...
2025-05-06 20:51:32,270 [WARNING] Data packet too small: 745 samples. Attempting to recover...
2025-05-06 20:51:32,371 [WARNING] Data packet too small: 770 samples. Attempting to recover...
2025-05-06 20:51:32,471 [WARNING] Data packet too small: 795 samples. Attempting to recover...
2025-05-06 20:51:32,572 [WARNING] Data packet too small: 820 samples. Attempting to recover...
2025-05-06 20:51:32,673 [WARNING] Data packet too small: 845 samples. Attempting to recover...
2025-05-06 20:51:32,773 [WARNING] Data packet too small: 870 samples. Attempting to recover...
2025-05-06 20:51:32,874 [WARNING] Data packet too small: 895 samples. Attempting to recover...
2025-05-06 20:51:32,975 [WARNING] Data packet too small: 924 samples. Attempting to recover...
2025-05-06 20:51:33,075 [WARNING] Data packet too small: 949 samples. Attempting to recover...
2025-05-06 20:51:33,176 [WARNING] Data packet too small: 974 samples. Attempting to recover...
2025-05-06 20:51:33,277 [WARNING] Data packet too small: 999 samples. Attempting to recover...
2025-05-06 20:51:33,377 [INFO] Successfully acquired 1000 samples from the board.
2025-05-06 20:51:33,382 [INFO] Frames: 1, Dropped: 0, Elapsed: 4.1s
2025-05-06 20:51:37,378 [INFO] Successfully acquired 1000 samples from the board.
2025-05-06 20:51:37,380 [INFO] Frames: 2, Dropped: 0, Elapsed: 8.1s
2025-05-06 20:51:41,378 [INFO] Successfully acquired 1000 samples from the board.
2025-05-06 20:51:41,380 [INFO] Frames: 3, Dropped: 0, Elapsed: 12.1s
2025-05-06 20:51:45,379 [INFO] Successfully acquired 1000 samples from the board.
2025-05-06 20:51:45,380 [INFO] Frames: 4, Dropped: 0, Elapsed: 16.1s
2025-05-06 20:51:49,379 [INFO] Successfully acquired 1000 samples from the board.
2025-05-06 20:51:49,381 [INFO] Frames: 5, Dropped: 0, Elapsed: 20.1s
2025-05-06 20:51:53,379 [INFO] Successfully acquired 1000 samples from the board.
2025-05-06 20:51:53,381 [INFO] Frames: 6, Dropped: 0, Elapsed: 24.1s
2025-05-06 20:51:57,380 [INFO] Successfully acquired 1000 samples from the board.
2025-05-06 20:51:57,381 [INFO] Frames: 7, Dropped: 0, Elapsed: 28.1s
2025-05-06 20:52:01,380 [INFO] Successfully acquired 1000 samples from the board.
2025-05-06 20:52:01,381 [INFO] Frames: 8, Dropped: 0, Elapsed: 32.1s
2025-05-06 20:52:05,380 [INFO] Successfully acquired 1000 samples from the board.
2025-05-06 20:52:05,382 [INFO] Frames: 9, Dropped: 0, Elapsed: 36.1s
2025-05-06 20:52:09,381 [INFO] Successfully acquired 1000 samples from the board.
2025-05-06 20:52:09,382 [INFO] Frames: 10, Dropped: 0, Elapsed: 40.1s
2025-05-06 20:52:13,381 [INFO] Successfully acquired 1000 samples from the board.
2025-05-06 20:52:13,382 [INFO] Frames: 11, Dropped: 0, Elapsed: 44.1s
2025-05-06 20:52:17,381 [INFO] Successfully acquired 1000 samples from the board.
2025-05-06 20:52:17,383 [INFO] Frames: 12, Dropped: 0, Elapsed: 48.1s
2025-05-06 20:52:21,381 [INFO] Successfully acquired 1000 samples from the board.
2025-05-06 20:52:21,383 [INFO] Frames: 13, Dropped: 0, Elapsed: 52.1s
2025-05-06 20:52:25,381 [INFO] Successfully acquired 1000 samples from the board.
2025-05-06 20:52:25,383 [INFO] Frames: 14, Dropped: 0, Elapsed: 56.1s
2025-05-06 20:52:29,382 [INFO] Successfully acquired 1000 samples from the board.
2025-05-06 20:52:29,384 [INFO] Frames: 15, Dropped: 0, Elapsed: 60.1s
2025-05-06 20:52:33,382 [INFO] Successfully acquired 1000 samples from the board.
2025-05-06 20:52:33,384 [INFO] Frames: 16, Dropped: 0, Elapsed: 64.1s
2025-05-06 20:52:37,382 [INFO] Successfully acquired 1000 samples from the board.
2025-05-06 20:52:37,384 [INFO] Frames: 17, Dropped: 0, Elapsed: 68.1s
2025-05-06 20:52:41,382 [INFO] Successfully acquired 1000 samples from the board.
2025-05-06 20:52:41,384 [INFO] Frames: 18, Dropped: 0, Elapsed: 72.1s
2025-05-06 20:52:45,383 [INFO] Successfully acquired 1000 samples from the board.
2025-05-06 20:52:45,385 [INFO] Frames: 19, Dropped: 0, Elapsed: 76.1s
2025-05-06 20:52:49,383 [INFO] Successfully acquired 1000 samples from the board.
2025-05-06 20:52:49,385 [INFO] Frames: 20, Dropped: 0, Elapsed: 80.1s
2025-05-06 20:52:53,384 [INFO] Successfully acquired 1000 samples from the board.
2025-05-06 20:52:53,385 [INFO] Frames: 21, Dropped: 0, Elapsed: 84.1s
2025-05-06 20:52:57,384 [INFO] Successfully acquired 1000 samples from the board.
2025-05-06 20:52:57,385 [INFO] Frames: 22, Dropped: 0, Elapsed: 88.1s
2025-05-06 20:53:01,384 [INFO] Successfully acquired 1000 samples from the board.
2025-05-06 20:53:01,386 [INFO] Frames: 23, Dropped: 0, Elapsed: 92.1s
2025-05-06 20:53:05,385 [INFO] Successfully acquired 1000 samples from the board.
2025-05-06 20:53:05,386 [INFO] Frames: 24, Dropped: 0, Elapsed: 96.1s
2025-05-06 20:53:09,385 [INFO] Successfully acquired 1000 samples from the board.
2025-05-06 20:53:09,387 [INFO] Frames: 25, Dropped: 0, Elapsed: 100.1s
2025-05-06 20:53:13,385 [INFO] Successfully acquired 1000 samples from the board.
2025-05-06 20:53:13,387 [INFO] Frames: 26, Dropped: 0, Elapsed: 104.1s
2025-05-06 20:53:17,385 [INFO] Successfully acquired 1000 samples from the board.
2025-05-06 20:53:17,387 [INFO] Frames: 27, Dropped: 0, Elapsed: 108.1s
2025-05-06 20:53:21,385 [INFO] Successfully acquired 1000 samples from the board.
2025-05-06 20:53:21,387 [INFO] Frames: 28, Dropped: 0, Elapsed: 112.1s
2025-05-06 20:53:25,385 [INFO] Successfully acquired 1000 samples from the board.
2025-05-06 20:53:25,387 [INFO] Frames: 29, Dropped: 0, Elapsed: 116.1s
2025-05-06 20:53:29,386 [INFO] Successfully acquired 1000 samples from the board.
2025-05-06 20:53:29,388 [INFO] Frames: 30, Dropped: 0, Elapsed: 120.1s
2025-05-06 20:53:33,386 [INFO] Successfully acquired 1000 samples from the board.
2025-05-06 20:53:33,388 [INFO] Frames: 31, Dropped: 0, Elapsed: 124.1s
2025-05-06 20:53:37,386 [INFO] Successfully acquired 1000 samples from the board.
2025-05-06 20:53:37,388 [INFO] Frames: 32, Dropped: 0, Elapsed: 128.1s
2025-05-06 20:53:41,387 [INFO] Successfully acquired 1000 samples from the board.
2025-05-06 20:53:41,388 [INFO] Frames: 33, Dropped: 0, Elapsed: 132.1s
2025-05-06 20:53:45,387 [INFO] Successfully acquired 1000 samples from the board.
2025-05-06 20:53:45,388 [INFO] Frames: 34, Dropped: 0, Elapsed: 136.1s
2025-05-06 20:53:49,387 [INFO] Successfully acquired 1000 samples from the board.
2025-05-06 20:53:49,389 [INFO] Frames: 35, Dropped: 0, Elapsed: 140.1s
2025-05-06 20:53:53,388 [INFO] Successfully acquired 1000 samples from the board.
2025-05-06 20:53:53,389 [INFO] Frames: 36, Dropped: 0, Elapsed: 144.1s
2025-05-06 20:53:57,388 [INFO] Successfully acquired 1000 samples from the board.
2025-05-06 20:53:57,390 [INFO] Frames: 37, Dropped: 0, Elapsed: 148.1s
2025-05-06 20:54:01,388 [INFO] Successfully acquired 1000 samples from the board.
2025-05-06 20:54:01,390 [INFO] Frames: 38, Dropped: 0, Elapsed: 152.1s
2025-05-06 20:54:05,389 [INFO] Successfully acquired 1000 samples from the board.
2025-05-06 20:54:05,391 [INFO] Frames: 39, Dropped: 0, Elapsed: 156.1s
2025-05-06 20:54:09,389 [INFO] Successfully acquired 1000 samples from the board.
2025-05-06 20:54:09,392 [INFO] Frames: 40, Dropped: 0, Elapsed: 160.1s
2025-05-06 20:54:13,390 [INFO] Successfully acquired 1000 samples from the board.
2025-05-06 20:54:13,392 [INFO] Frames: 41, Dropped: 0, Elapsed: 164.1s
2025-05-06 20:54:17,390 [INFO] Successfully acquired 1000 samples from the board.
2025-05-06 20:54:17,392 [INFO] Frames: 42, Dropped: 0, Elapsed: 168.1s
2025-05-06 20:54:21,391 [INFO] Successfully acquired 1000 samples from the board.
2025-05-06 20:54:21,392 [INFO] Frames: 43, Dropped: 0, Elapsed: 172.1s
2025-05-06 20:54:25,391 [INFO] Successfully acquired 1000 samples from the board.
2025-05-06 20:54:25,393 [INFO] Frames: 44, Dropped: 0, Elapsed: 176.1s
2025-05-06 20:54:29,392 [INFO] Successfully acquired 1000 samples from the board.
2025-05-06 20:54:29,399 [INFO] Frames: 45, Dropped: 0, Elapsed: 180.1s
2025-05-06 20:54:33,392 [INFO] Successfully acquired 1000 samples from the board.
2025-05-06 20:54:33,394 [INFO] Frames: 46, Dropped: 0, Elapsed: 184.1s
2025-05-06 21:02:12,729 [INFO] Initializing BrainFlow BoardShim...
2025-05-06 21:02:13,277 [INFO] ---- Starting the EEG Data Streaming ----
2025-05-06 21:02:13,798 [WARNING] Data packet too small: 128 samples. Attempting to recover...
2025-05-06 21:02:13,899 [WARNING] Data packet too small: 155 samples. Attempting to recover...
2025-05-06 21:02:13,999 [WARNING] Data packet too small: 180 samples. Attempting to recover...
2025-05-06 21:02:14,100 [WARNING] Data packet too small: 205 samples. Attempting to recover...
2025-05-06 21:02:14,201 [WARNING] Data packet too small: 230 samples. Attempting to recover...
2025-05-06 21:02:14,353 [WARNING] Data packet too small: 268 samples. Attempting to recover...
2025-05-06 21:02:14,454 [WARNING] Data packet too small: 293 samples. Attempting to recover...
2025-05-06 21:02:14,554 [WARNING] Data packet too small: 318 samples. Attempting to recover...
2025-05-06 21:02:14,655 [WARNING] Data packet too small: 343 samples. Attempting to recover...
2025-05-06 21:02:14,755 [WARNING] Data packet too small: 368 samples. Attempting to recover...
2025-05-06 21:02:14,856 [WARNING] Data packet too small: 393 samples. Attempting to recover...
2025-05-06 21:02:14,956 [WARNING] Data packet too small: 418 samples. Attempting to recover...
2025-05-06 21:02:15,057 [WARNING] Data packet too small: 443 samples. Attempting to recover...
2025-05-06 21:02:15,157 [WARNING] Data packet too small: 468 samples. Attempting to recover...
2025-05-06 21:02:15,258 [WARNING] Data packet too small: 493 samples. Attempting to recover...
2025-05-06 21:02:15,359 [WARNING] Data packet too small: 518 samples. Attempting to recover...
2025-05-06 21:02:15,460 [WARNING] Data packet too small: 543 samples. Attempting to recover...
2025-05-06 21:02:15,560 [WARNING] Data packet too small: 568 samples. Attempting to recover...
2025-05-06 21:02:15,661 [WARNING] Data packet too small: 593 samples. Attempting to recover...
2025-05-06 21:02:15,761 [WARNING] Data packet too small: 618 samples. Attempting to recover...
2025-05-06 21:02:15,862 [WARNING] Data packet too small: 643 samples. Attempting to recover...
2025-05-06 21:02:15,963 [WARNING] Data packet too small: 672 samples. Attempting to recover...
2025-05-06 21:02:16,063 [WARNING] Data packet too small: 697 samples. Attempting to recover...
2025-05-06 21:02:16,164 [WARNING] Data packet too small: 722 samples. Attempting to recover...
2025-05-06 21:02:16,265 [WARNING] Data packet too small: 747 samples. Attempting to recover...
2025-05-06 21:02:16,365 [WARNING] Data packet too small: 772 samples. Attempting to recover...
2025-05-06 21:02:16,466 [WARNING] Data packet too small: 797 samples. Attempting to recover...
2025-05-06 21:02:16,566 [WARNING] Data packet too small: 822 samples. Attempting to recover...
2025-05-06 21:02:16,667 [WARNING] Data packet too small: 847 samples. Attempting to recover...
2025-05-06 21:02:16,767 [WARNING] Data packet too small: 872 samples. Attempting to recover...
2025-05-06 21:02:16,868 [WARNING] Data packet too small: 897 samples. Attempting to recover...
2025-05-06 21:02:16,968 [WARNING] Data packet too small: 922 samples. Attempting to recover...
2025-05-06 21:02:17,069 [WARNING] Data packet too small: 947 samples. Attempting to recover...
2025-05-06 21:02:17,169 [WARNING] Data packet too small: 972 samples. Attempting to recover...
2025-05-06 21:02:17,270 [WARNING] Data packet too small: 997 samples. Attempting to recover...
2025-05-06 21:02:17,371 [INFO] Successfully acquired 1000 samples from the board.
2025-05-06 21:02:17,375 [INFO] Frames: 1, Dropped: 0, Elapsed: 4.1s
2025-05-06 21:02:21,371 [INFO] Successfully acquired 1000 samples from the board.
2025-05-06 21:02:21,373 [INFO] Frames: 2, Dropped: 0, Elapsed: 8.1s
2025-05-06 21:02:25,371 [INFO] Successfully acquired 1000 samples from the board.
2025-05-06 21:02:25,373 [INFO] Frames: 3, Dropped: 0, Elapsed: 12.1s
2025-05-06 21:02:29,372 [INFO] Successfully acquired 1000 samples from the board.
2025-05-06 21:02:29,374 [INFO] Frames: 4, Dropped: 0, Elapsed: 16.1s
2025-05-06 21:02:33,372 [INFO] Successfully acquired 1000 samples from the board.
2025-05-06 21:02:33,374 [INFO] Frames: 5, Dropped: 0, Elapsed: 20.1s
2025-05-06 21:02:37,372 [INFO] Successfully acquired 1000 samples from the board.
2025-05-06 21:02:37,374 [INFO] Frames: 6, Dropped: 0, Elapsed: 24.1s
2025-05-06 21:02:41,373 [INFO] Successfully acquired 1000 samples from the board.
2025-05-06 21:02:41,375 [INFO] Frames: 7, Dropped: 0, Elapsed: 28.1s
2025-05-06 21:02:45,373 [INFO] Successfully acquired 1000 samples from the board.
2025-05-06 21:02:45,374 [INFO] Frames: 8, Dropped: 0, Elapsed: 32.1s
2025-05-06 21:02:49,373 [INFO] Successfully acquired 1000 samples from the board.
2025-05-06 21:02:49,375 [INFO] Frames: 9, Dropped: 0, Elapsed: 36.1s
2025-05-06 21:02:53,374 [INFO] Successfully acquired 1000 samples from the board.
2025-05-06 21:02:53,375 [INFO] Frames: 10, Dropped: 0, Elapsed: 40.1s
2025-05-06 21:02:57,374 [INFO] Successfully acquired 1000 samples from the board.
2025-05-06 21:02:57,376 [INFO] Frames: 11, Dropped: 0, Elapsed: 44.1s
2025-05-06 21:03:24,424 [INFO] Initializing BrainFlow BoardShim...
2025-05-06 21:03:28,246 [INFO] ---- Starting the EEG Data Streaming ----
2025-05-06 21:03:28,766 [ERROR] Critical error occurred: BoardShim.get_current_board_data() missing 1 required positional argument: 'num_samples'
2025-05-06 21:03:28,766 [INFO] Closing application gracefully...
2025-05-06 21:03:28,781 [INFO] Session closed successfully.
2025-05-06 21:03:55,868 [INFO] Initializing BrainFlow BoardShim...
2025-05-06 21:03:55,902 [INFO] ---- Starting the EEG Data Streaming ----
2025-05-06 21:03:56,418 [WARNING] Data packet too small: 129 samples. Attempting to recover...
2025-05-06 21:03:56,519 [WARNING] Data packet too small: 154 samples. Attempting to recover...
2025-05-06 21:03:56,619 [WARNING] Data packet too small: 179 samples. Attempting to recover...
2025-05-06 21:03:56,720 [WARNING] Data packet too small: 204 samples. Attempting to recover...
2025-05-06 21:03:56,821 [WARNING] Data packet too small: 229 samples. Attempting to recover...
2025-05-06 21:03:56,921 [WARNING] Data packet too small: 254 samples. Attempting to recover...
2025-05-06 21:03:57,022 [WARNING] Data packet too small: 279 samples. Attempting to recover...
2025-05-06 21:03:57,123 [WARNING] Data packet too small: 304 samples. Attempting to recover...
2025-05-06 21:03:57,223 [WARNING] Data packet too small: 329 samples. Attempting to recover...
2025-05-06 21:03:57,324 [WARNING] Data packet too small: 354 samples. Attempting to recover...
2025-05-06 21:03:57,424 [WARNING] Data packet too small: 379 samples. Attempting to recover...
2025-05-06 21:03:57,525 [WARNING] Data packet too small: 404 samples. Attempting to recover...
2025-05-06 21:03:57,625 [WARNING] Data packet too small: 429 samples. Attempting to recover...
2025-05-06 21:03:57,726 [WARNING] Data packet too small: 454 samples. Attempting to recover...
2025-05-06 21:03:57,826 [WARNING] Data packet too small: 479 samples. Attempting to recover...
2025-05-06 21:03:57,927 [WARNING] Data packet too small: 504 samples. Attempting to recover...
2025-05-06 21:03:58,028 [WARNING] Data packet too small: 529 samples. Attempting to recover...
2025-05-06 21:03:58,128 [WARNING] Data packet too small: 554 samples. Attempting to recover...
2025-05-06 21:03:58,229 [WARNING] Data packet too small: 579 samples. Attempting to recover...
2025-05-06 21:03:58,330 [WARNING] Data packet too small: 604 samples. Attempting to recover...
2025-05-06 21:03:58,430 [WARNING] Data packet too small: 629 samples. Attempting to recover...
2025-05-06 21:03:58,531 [WARNING] Data packet too small: 658 samples. Attempting to recover...
2025-05-06 21:03:58,631 [WARNING] Data packet too small: 683 samples. Attempting to recover...
2025-05-06 21:03:58,732 [WARNING] Data packet too small: 708 samples. Attempting to recover...
2025-05-06 21:03:58,832 [WARNING] Data packet too small: 733 samples. Attempting to recover...
2025-05-06 21:03:58,933 [WARNING] Data packet too small: 758 samples. Attempting to recover...
2025-05-06 21:03:59,034 [WARNING] Data packet too small: 783 samples. Attempting to recover...
2025-05-06 21:03:59,134 [WARNING] Data packet too small: 809 samples. Attempting to recover...
2025-05-06 21:03:59,235 [WARNING] Data packet too small: 833 samples. Attempting to recover...
2025-05-06 21:03:59,336 [WARNING] Data packet too small: 858 samples. Attempting to recover...
2025-05-06 21:03:59,436 [WARNING] Data packet too small: 883 samples. Attempting to recover...
2025-05-06 21:03:59,537 [WARNING] Data packet too small: 908 samples. Attempting to recover...
2025-05-06 21:03:59,638 [WARNING] Data packet too small: 933 samples. Attempting to recover...
2025-05-06 21:03:59,738 [WARNING] Data packet too small: 958 samples. Attempting to recover...
2025-05-06 21:03:59,839 [WARNING] Data packet too small: 983 samples. Attempting to recover...
2025-05-06 21:03:59,939 [INFO] Successfully acquired 1000 samples from the board.
2025-05-06 21:03:59,943 [INFO] Frames: 1, Dropped: 0, Elapsed: 4.0s
2025-05-06 21:04:03,940 [INFO] Successfully acquired 1000 samples from the board.
2025-05-06 21:04:03,941 [INFO] Frames: 2, Dropped: 0, Elapsed: 8.0s
2025-05-06 21:04:07,940 [INFO] Successfully acquired 1000 samples from the board.
2025-05-06 21:04:07,944 [INFO] Frames: 3, Dropped: 0, Elapsed: 12.0s
2025-05-06 21:04:11,940 [INFO] Successfully acquired 1000 samples from the board.
2025-05-06 21:04:11,942 [INFO] Frames: 4, Dropped: 0, Elapsed: 16.0s
2025-05-06 21:04:15,941 [INFO] Successfully acquired 1000 samples from the board.
2025-05-06 21:04:15,943 [INFO] Frames: 5, Dropped: 0, Elapsed: 20.0s
2025-05-06 21:04:19,941 [INFO] Successfully acquired 1000 samples from the board.
2025-05-06 21:04:19,943 [INFO] Frames: 6, Dropped: 0, Elapsed: 24.0s
2025-05-06 21:04:23,942 [INFO] Successfully acquired 1000 samples from the board.
2025-05-06 21:04:23,943 [INFO] Frames: 7, Dropped: 0, Elapsed: 28.0s
2025-05-06 21:04:27,942 [INFO] Successfully acquired 1000 samples from the board.
2025-05-06 21:04:27,944 [INFO] Frames: 8, Dropped: 0, Elapsed: 32.0s
2025-05-06 21:23:02,505 [INFO] Frames: 1, Dropped: 0, Elapsed: 0.5s
2025-05-06 21:23:02,532 [INFO] Frames: 2, Dropped: 1, Elapsed: 0.5s
2025-05-06 21:24:22,909 [INFO] Frames: 1, Dropped: 0, Elapsed: 0.5s
2025-05-06 21:24:22,935 [INFO] Frames: 2, Dropped: 1, Elapsed: 0.5s
2025-09-21 16:51:04,699 [INFO] Initializing BrainFlow BoardShim...
2025-09-21 16:51:05,105 [INFO] ---- Starting the EEG Data Streaming ----
2025-09-21 16:51:06,815 [WARNING] Data packet too small: 427 samples. Attempting to recover...
2025-09-21 16:51:06,917 [WARNING] Data packet too small: 452 samples. Attempting to recover...
2025-09-21 16:51:07,018 [WARNING] Data packet too small: 477 samples. Attempting to recover...
2025-09-21 16:51:07,120 [WARNING] Data packet too small: 502 samples. Attempting to recover...
2025-09-21 16:51:07,221 [WARNING] Data packet too small: 527 samples. Attempting to recover...
2025-09-21 16:51:07,322 [WARNING] Data packet too small: 552 samples. Attempting to recover...
2025-09-21 16:51:07,424 [WARNING] Data packet too small: 577 samples. Attempting to recover...
2025-09-21 16:51:07,525 [WARNING] Data packet too small: 602 samples. Attempting to recover...
2025-09-21 16:51:07,626 [WARNING] Data packet too small: 627 samples. Attempting to recover...
2025-09-21 16:51:07,728 [WARNING] Data packet too small: 656 samples. Attempting to recover...
2025-09-21 16:51:07,829 [WARNING] Data packet too small: 681 samples. Attempting to recover...
2025-09-21 16:51:07,931 [WARNING] Data packet too small: 706 samples. Attempting to recover...
2025-09-21 16:51:08,032 [WARNING] Data packet too small: 731 samples. Attempting to recover...
2025-09-21 16:51:08,133 [WARNING] Data packet too small: 756 samples. Attempting to recover...
2025-09-21 16:51:08,235 [WARNING] Data packet too small: 781 samples. Attempting to recover...
2025-09-21 16:51:08,336 [WARNING] Data packet too small: 806 samples. Attempting to recover...
2025-09-21 16:51:08,437 [WARNING] Data packet too small: 831 samples. Attempting to recover...
2025-09-21 16:51:08,539 [WARNING] Data packet too small: 856 samples. Attempting to recover...
2025-09-21 16:51:08,640 [WARNING] Data packet too small: 881 samples. Attempting to recover...
2025-09-21 16:51:08,742 [WARNING] Data packet too small: 906 samples. Attempting to recover...
2025-09-21 16:51:08,843 [WARNING] Data packet too small: 935 samples. Attempting to recover...
2025-09-21 16:51:08,945 [WARNING] Data packet too small: 960 samples. Attempting to recover...
2025-09-21 16:51:09,046 [WARNING] Data packet too small: 985 samples. Attempting to recover...
2025-09-21 16:51:09,147 [INFO] Successfully acquired 1000 samples from the board.
2025-09-21 16:51:09,164 [INFO] Frames: 1, Dropped: 0, Elapsed: 4.1s
2025-09-21 16:51:13,148 [INFO] Successfully acquired 1000 samples from the board.
2025-09-21 16:51:13,153 [INFO] Frames: 2, Dropped: 0, Elapsed: 8.0s
2025-09-21 16:51:17,148 [INFO] Successfully acquired 1000 samples from the board.
2025-09-21 16:51:17,150 [INFO] Frames: 3, Dropped: 0, Elapsed: 12.0s
2025-09-21 16:51:21,148 [INFO] Successfully acquired 1000 samples from the board.
2025-09-21 16:51:21,154 [INFO] Frames: 4, Dropped: 0, Elapsed: 16.0s
2025-09-21 16:51:25,149 [INFO] Successfully acquired 1000 samples from the board.
2025-09-21 16:51:25,155 [INFO] Frames: 5, Dropped: 0, Elapsed: 20.0s
2025-09-21 16:51:29,149 [INFO] Successfully acquired 1000 samples from the board.
2025-09-21 16:51:29,155 [INFO] Frames: 6, Dropped: 0, Elapsed: 24.0s
2025-09-21 16:51:33,149 [INFO] Successfully acquired 1000 samples from the board.
2025-09-21 16:51:33,155 [INFO] Frames: 7, Dropped: 0, Elapsed: 28.0s
2025-09-21 16:51:37,150 [INFO] Successfully acquired 1000 samples from the board.
2025-09-21 16:51:37,155 [INFO] Frames: 8, Dropped: 0, Elapsed: 32.0s
2025-09-21 16:51:41,150 [INFO] Successfully acquired 1000 samples from the board.
2025-09-21 16:51:41,155 [INFO] Frames: 9, Dropped: 0, Elapsed: 36.0s
2025-09-21 16:51:45,150 [INFO] Successfully acquired 1000 samples from the board.
2025-09-21 16:51:45,155 [INFO] Frames: 10, Dropped: 0, Elapsed: 40.0s
2025-09-21 16:51:49,150 [INFO] Successfully acquired 1000 samples from the board.
2025-09-21 16:51:49,152 [INFO] Frames: 11, Dropped: 0, Elapsed: 44.0s
2025-09-21 16:51:53,150 [INFO] Successfully acquired 1000 samples from the board.
2025-09-21 16:51:53,156 [INFO] Frames: 12, Dropped: 0, Elapsed: 48.1s
2025-09-21 16:51:57,150 [INFO] Successfully acquired 1000 samples from the board.
2025-09-21 16:51:57,155 [INFO] Frames: 13, Dropped: 0, Elapsed: 52.0s
2025-09-21 16:52:01,151 [INFO] Successfully acquired 1000 samples from the board.
2025-09-21 16:52:01,157 [INFO] Frames: 14, Dropped: 0, Elapsed: 56.1s
2025-09-21 16:52:05,151 [INFO] Successfully acquired 1000 samples from the board.
2025-09-21 16:52:05,154 [INFO] Frames: 15, Dropped: 0, Elapsed: 60.0s
2025-09-21 16:52:09,151 [INFO] Successfully acquired 1000 samples from the board.
2025-09-21 16:52:09,157 [INFO] Frames: 16, Dropped: 0, Elapsed: 64.1s
2025-09-21 16:52:13,152 [INFO] Successfully acquired 1000 samples from the board.
2025-09-21 16:52:13,157 [INFO] Frames: 17, Dropped: 0, Elapsed: 68.1s
2025-09-21 16:52:17,152 [INFO] Successfully acquired 1000 samples from the board.
2025-09-21 16:52:17,159 [INFO] Frames: 18, Dropped: 0, Elapsed: 72.1s
2025-09-21 16:52:21,153 [INFO] Successfully acquired 1000 samples from the board.
2025-09-21 16:52:21,159 [INFO] Frames: 19, Dropped: 0, Elapsed: 76.1s
2025-09-21 16:52:25,153 [INFO] Successfully acquired 1000 samples from the board.
2025-09-21 16:52:25,160 [INFO] Frames: 20, Dropped: 0, Elapsed: 80.1s
2025-09-21 16:52:29,153 [INFO] Successfully acquired 1000 samples from the board.
2025-09-21 16:52:29,160 [INFO] Frames: 21, Dropped: 0, Elapsed: 84.1s
2025-09-21 16:52:33,153 [INFO] Successfully acquired 1000 samples from the board.
2025-09-21 16:52:33,157 [INFO] Frames: 22, Dropped: 0, Elapsed: 88.1s
2025-09-21 16:52:37,154 [INFO] Successfully acquired 1000 samples from the board.
2025-09-21 16:52:37,160 [INFO] Frames: 23, Dropped: 0, Elapsed: 92.1s
2025-09-21 16:52:41,155 [INFO] Successfully acquired 1000 samples from the board.
2025-09-21 16:52:41,160 [INFO] Frames: 24, Dropped: 0, Elapsed: 96.1s
2025-09-21 16:52:45,155 [INFO] Successfully acquired 1000 samples from the board.
2025-09-21 16:52:45,160 [INFO] Frames: 25, Dropped: 0, Elapsed: 100.1s
2025-09-21 16:52:49,155 [INFO] Successfully acquired 1000 samples from the board.
2025-09-21 16:52:49,161 [INFO] Frames: 26, Dropped: 0, Elapsed: 104.1s
2025-09-21 16:52:53,155 [INFO] Successfully acquired 1000 samples from the board.
2025-09-21 16:52:53,162 [INFO] Frames: 27, Dropped: 0, Elapsed: 108.1s
2025-09-21 16:52:57,155 [INFO] Successfully acquired 1000 samples from the board.
2025-09-21 16:52:57,161 [INFO] Frames: 28, Dropped: 0, Elapsed: 112.1s
2025-09-21 16:53:01,156 [INFO] Successfully acquired 1000 samples from the board.
2025-09-21 16:53:01,161 [INFO] Frames: 29, Dropped: 0, Elapsed: 116.1s
2025-09-21 16:53:05,156 [INFO] Successfully acquired 1000 samples from the board.
2025-09-21 16:53:05,163 [INFO] Frames: 30, Dropped: 0, Elapsed: 120.1s
2025-09-21 16:53:09,157 [INFO] Successfully acquired 1000 samples from the board.
2025-09-21 16:53:09,162 [INFO] Frames: 31, Dropped: 0, Elapsed: 124.1s
2025-09-21 16:53:13,157 [INFO] Successfully acquired 1000 samples from the board.
2025-09-21 16:53:13,164 [INFO] Frames: 32, Dropped: 0, Elapsed: 128.1s
2025-09-21 16:53:17,158 [INFO] Successfully acquired 1000 samples from the board.
2025-09-21 16:53:17,163 [INFO] Frames: 33, Dropped: 0, Elapsed: 132.1s
2025-09-21 16:53:21,158 [INFO] Successfully acquired 1000 samples from the board.
2025-09-21 16:53:21,164 [INFO] Frames: 34, Dropped: 0, Elapsed: 136.1s
2025-09-21 16:53:25,158 [INFO] Successfully acquired 1000 samples from the board.
2025-09-21 16:53:25,164 [INFO] Frames: 35, Dropped: 0, Elapsed: 140.1s
2025-09-21 16:53:29,159 [INFO] Successfully acquired 1000 samples from the board.
2025-09-21 16:53:29,164 [INFO] Frames: 36, Dropped: 0, Elapsed: 144.1s
2025-09-21 16:53:33,159 [INFO] Successfully acquired 1000 samples from the board.
2025-09-21 16:53:33,165 [INFO] Frames: 37, Dropped: 0, Elapsed: 148.1s
2025-09-21 16:53:37,160 [INFO] Successfully acquired 1000 samples from the board.
2025-09-21 16:53:37,165 [INFO] Frames: 38, Dropped: 0, Elapsed: 152.1s
2025-09-21 16:53:41,160 [INFO] Successfully acquired 1000 samples from the board.
2025-09-21 16:53:41,166 [INFO] Frames: 39, Dropped: 0, Elapsed: 156.1s
2025-09-21 16:53:45,161 [INFO] Successfully acquired 1000 samples from the board.
2025-09-21 16:53:45,166 [INFO] Frames: 40, Dropped: 0, Elapsed: 160.1s
2025-09-21 16:53:49,161 [INFO] Successfully acquired 1000 samples from the board.
2025-09-21 16:53:49,167 [INFO] Frames: 41, Dropped: 0, Elapsed: 164.1s
2025-09-21 16:53:53,161 [INFO] Successfully acquired 1000 samples from the board.
2025-09-21 16:53:53,167 [INFO] Frames: 42, Dropped: 0, Elapsed: 168.1s
2025-09-21 16:53:57,161 [INFO] Successfully acquired 1000 samples from the board.
2025-09-21 16:53:57,164 [INFO] Frames: 43, Dropped: 0, Elapsed: 172.1s
2025-09-21 16:54:01,161 [INFO] Successfully acquired 1000 samples from the board.
2025-09-21 16:54:01,167 [INFO] Frames: 44, Dropped: 0, Elapsed: 176.1s
2025-09-21 16:54:05,162 [INFO] Successfully acquired 1000 samples from the board.
2025-09-21 16:54:05,167 [INFO] Frames: 45, Dropped: 0, Elapsed: 180.1s
2025-09-21 16:54:09,162 [INFO] Successfully acquired 1000 samples from the board.
2025-09-21 16:54:09,168 [INFO] Frames: 46, Dropped: 0, Elapsed: 184.1s
2025-09-21 16:54:13,162 [INFO] Successfully acquired 1000 samples from the board.
2025-09-21 16:54:13,168 [INFO] Frames: 47, Dropped: 0, Elapsed: 188.1s
2025-09-21 16:54:17,163 [INFO] Successfully acquired 1000 samples from the board.
2025-09-21 16:54:17,169 [INFO] Frames: 48, Dropped: 0, Elapsed: 192.1s
2025-09-21 16:54:21,163 [INFO] Successfully acquired 1000 samples from the board.
2025-09-21 16:54:21,170 [INFO] Frames: 49, Dropped: 0, Elapsed: 196.1s
2025-09-21 16:54:25,164 [INFO] Successfully acquired 1000 samples from the board.
2025-09-21 16:54:25,169 [INFO] Frames: 50, Dropped: 0, Elapsed: 200.1s
2025-09-21 16:54:29,164 [INFO] Successfully acquired 1000 samples from the board.
2025-09-21 16:54:29,170 [INFO] Frames: 51, Dropped: 0, Elapsed: 204.1s
2025-09-21 16:54:33,164 [INFO] Successfully acquired 1000 samples from the board.
2025-09-21 16:54:33,167 [INFO] Frames: 52, Dropped: 0, Elapsed: 208.1s
2025-09-21 16:54:37,165 [INFO] Successfully acquired 1000 samples from the board.
2025-09-21 16:54:37,170 [INFO] Frames: 53, Dropped: 0, Elapsed: 212.1s
2025-09-21 16:54:41,165 [INFO] Successfully acquired 1000 samples from the board.
2025-09-21 16:54:41,173 [INFO] Frames: 54, Dropped: 0, Elapsed: 216.1s
2025-09-21 16:54:45,165 [INFO] Successfully acquired 1000 samples from the board.
2025-09-21 16:54:45,171 [INFO] Frames: 55, Dropped: 0, Elapsed: 220.1s
2025-09-21 16:54:49,165 [INFO] Successfully acquired 1000 samples from the board.
2025-09-21 16:54:49,172 [INFO] Frames: 56, Dropped: 0, Elapsed: 224.1s
2025-09-21 16:54:53,166 [INFO] Successfully acquired 1000 samples from the board.
2025-09-21 16:54:53,172 [INFO] Frames: 57, Dropped: 0, Elapsed: 228.1s
2025-09-21 16:54:57,166 [INFO] Successfully acquired 1000 samples from the board.
2025-09-21 16:54:57,170 [INFO] Frames: 58, Dropped: 0, Elapsed: 232.1s
2025-09-21 16:55:01,166 [INFO] Successfully acquired 1000 samples from the board.
2025-09-21 16:55:01,173 [INFO] Frames: 59, Dropped: 0, Elapsed: 236.1s
2025-09-21 16:55:05,166 [INFO] Successfully acquired 1000 samples from the board.
2025-09-21 16:55:05,173 [INFO] Frames: 60, Dropped: 0, Elapsed: 240.1s
2025-09-21 16:55:09,167 [INFO] Successfully acquired 1000 samples from the board.
2025-09-21 16:55:09,173 [INFO] Frames: 61, Dropped: 0, Elapsed: 244.1s
2025-09-21 16:55:13,166 [INFO] Successfully acquired 1000 samples from the board.
2025-09-21 16:55:13,169 [INFO] Frames: 62, Dropped: 0, Elapsed: 248.1s
2025-09-21 16:55:17,167 [INFO] Successfully acquired 1000 samples from the board.
2025-09-21 16:55:17,173 [INFO] Frames: 63, Dropped: 0, Elapsed: 252.1s
2025-09-21 16:55:21,168 [INFO] Successfully acquired 1000 samples from the board.
2025-09-21 16:55:21,173 [INFO] Frames: 64, Dropped: 0, Elapsed: 256.1s
2025-09-21 16:55:25,168 [INFO] Successfully acquired 1000 samples from the board.
2025-09-21 16:55:25,172 [INFO] Frames: 65, Dropped: 0, Elapsed: 260.1s
2025-09-21 16:55:29,168 [INFO] Successfully acquired 1000 samples from the board.
2025-09-21 16:55:29,175 [INFO] Frames: 66, Dropped: 0, Elapsed: 264.1s
2025-09-21 16:55:33,168 [INFO] Successfully acquired 1000 samples from the board.
2025-09-21 16:55:33,170 [INFO] Frames: 67, Dropped: 0, Elapsed: 268.1s
2025-09-21 16:55:37,168 [INFO] Successfully acquired 1000 samples from the board.
2025-09-21 16:55:37,176 [INFO] Frames: 68, Dropped: 0, Elapsed: 272.1s
2025-09-21 16:55:41,169 [INFO] Successfully acquired 1000 samples from the board.
2025-09-21 16:55:41,174 [INFO] Frames: 69, Dropped: 0, Elapsed: 276.1s
2025-09-21 16:55:45,169 [INFO] Successfully acquired 1000 samples from the board.
2025-09-21 16:55:45,174 [INFO] Frames: 70, Dropped: 0, Elapsed: 280.1s
2025-09-21 16:55:49,169 [INFO] Successfully acquired 1000 samples from the board.
2025-09-21 16:55:49,175 [INFO] Frames: 71, Dropped: 0, Elapsed: 284.1s
2025-09-21 16:55:53,104 [INFO] Keyboard Interrupt Detected. Closing gracefully...
2025-09-21 16:55:53,104 [INFO] Closing application gracefully...
2025-09-21 16:55:53,116 [INFO] Session closed successfully.
2025-09-21 23:26:48,005 [INFO] Initializing BrainFlow BoardShim...
2025-09-21 23:26:48,043 [INFO] ---- Starting the EEG Data Streaming ----
2025-09-21 23:26:48,520 [WARNING] Data packet too small: 119 samples. Attempting to recover...
2025-09-21 23:26:48,622 [WARNING] Data packet too small: 142 samples. Attempting to recover...
2025-09-21 23:26:48,723 [WARNING] Data packet too small: 170 samples. Attempting to recover...
2025-09-21 23:26:48,825 [WARNING] Data packet too small: 196 samples. Attempting to recover...
2025-09-21 23:26:48,926 [WARNING] Data packet too small: 221 samples. Attempting to recover...
2025-09-21 23:26:49,027 [WARNING] Data packet too small: 245 samples. Attempting to recover...
2025-09-21 23:26:49,129 [WARNING] Data packet too small: 271 samples. Attempting to recover...
2025-09-21 23:26:49,231 [WARNING] Data packet too small: 296 samples. Attempting to recover...
2025-09-21 23:26:49,332 [WARNING] Data packet too small: 321 samples. Attempting to recover...
2025-09-21 23:26:49,434 [WARNING] Data packet too small: 346 samples. Attempting to recover...
2025-09-21 23:26:49,535 [WARNING] Data packet too small: 371 samples. Attempting to recover...
2025-09-21 23:26:49,636 [WARNING] Data packet too small: 396 samples. Attempting to recover...
2025-09-21 23:26:49,738 [WARNING] Data packet too small: 421 samples. Attempting to recover...
2025-09-21 23:26:49,839 [WARNING] Data packet too small: 446 samples. Attempting to recover...
2025-09-21 23:26:49,941 [WARNING] Data packet too small: 475 samples. Attempting to recover...
2025-09-21 23:26:50,042 [WARNING] Data packet too small: 500 samples. Attempting to recover...
2025-09-21 23:26:50,144 [WARNING] Data packet too small: 525 samples. Attempting to recover...
2025-09-21 23:26:50,245 [WARNING] Data packet too small: 550 samples. Attempting to recover...
2025-09-21 23:26:50,347 [WARNING] Data packet too small: 575 samples. Attempting to recover...
2025-09-21 23:26:50,448 [WARNING] Data packet too small: 600 samples. Attempting to recover...
2025-09-21 23:26:50,550 [WARNING] Data packet too small: 625 samples. Attempting to recover...
2025-09-21 23:26:50,651 [WARNING] Data packet too small: 650 samples. Attempting to recover...
2025-09-21 23:26:50,752 [WARNING] Data packet too small: 675 samples. Attempting to recover...
2025-09-21 23:26:50,854 [WARNING] Data packet too small: 700 samples. Attempting to recover...
2025-09-21 23:26:50,955 [WARNING] Data packet too small: 725 samples. Attempting to recover...
2025-09-21 23:26:51,057 [WARNING] Data packet too small: 754 samples. Attempting to recover...
2025-09-21 23:26:51,159 [WARNING] Data packet too small: 779 samples. Attempting to recover...
2025-09-21 23:26:51,260 [WARNING] Data packet too small: 804 samples. Attempting to recover...
2025-09-21 23:26:51,361 [WARNING] Data packet too small: 829 samples. Attempting to recover...
2025-09-21 23:26:51,463 [WARNING] Data packet too small: 854 samples. Attempting to recover...
2025-09-21 23:26:51,564 [WARNING] Data packet too small: 879 samples. Attempting to recover...
2025-09-21 23:26:51,665 [WARNING] Data packet too small: 904 samples. Attempting to recover...
2025-09-21 23:26:51,767 [WARNING] Data packet too small: 929 samples. Attempting to recover...
2025-09-21 23:26:51,868 [WARNING] Data packet too small: 954 samples. Attempting to recover...
2025-09-21 23:26:51,970 [WARNING] Data packet too small: 979 samples. Attempting to recover...
2025-09-21 23:26:52,071 [INFO] Successfully acquired 1000 samples from the board.
2025-09-21 23:26:52,088 [INFO] Frames: 1, Dropped: 0, Elapsed: 4.0s
2025-09-21 23:26:56,072 [INFO] Successfully acquired 1000 samples from the board.
2025-09-21 23:26:56,079 [INFO] Frames: 2, Dropped: 0, Elapsed: 8.0s
2025-09-21 23:27:00,072 [INFO] Successfully acquired 1000 samples from the board.
2025-09-21 23:27:00,079 [INFO] Frames: 3, Dropped: 0, Elapsed: 12.0s
2025-09-21 23:27:04,072 [INFO] Successfully acquired 1000 samples from the board.
2025-09-21 23:27:04,078 [INFO] Frames: 4, Dropped: 0, Elapsed: 16.0s
2025-09-21 23:27:08,073 [INFO] Successfully acquired 1000 samples from the board.
2025-09-21 23:27:08,080 [INFO] Frames: 5, Dropped: 0, Elapsed: 20.0s
2025-09-21 23:27:12,073 [INFO] Successfully acquired 1000 samples from the board.
2025-09-21 23:27:12,079 [INFO] Frames: 6, Dropped: 0, Elapsed: 24.0s
2025-09-21 23:27:16,074 [INFO] Successfully acquired 1000 samples from the board.
2025-09-21 23:27:16,081 [INFO] Frames: 7, Dropped: 0, Elapsed: 28.0s
2025-09-21 23:27:20,074 [INFO] Successfully acquired 1000 samples from the board.
2025-09-21 23:27:20,079 [INFO] Frames: 8, Dropped: 0, Elapsed: 32.0s
2025-09-21 23:27:24,074 [INFO] Successfully acquired 1000 samples from the board.
2025-09-21 23:27:24,080 [INFO] Frames: 9, Dropped: 0, Elapsed: 36.0s
2025-09-21 23:27:28,074 [INFO] Successfully acquired 1000 samples from the board.
2025-09-21 23:27:28,080 [INFO] Frames: 10, Dropped: 0, Elapsed: 40.0s
2025-09-21 23:27:32,075 [INFO] Successfully acquired 1000 samples from the board.
2025-09-21 23:27:32,080 [INFO] Frames: 11, Dropped: 0, Elapsed: 44.0s
2025-09-21 23:27:36,075 [INFO] Successfully acquired 1000 samples from the board.
2025-09-21 23:27:36,081 [INFO] Frames: 12, Dropped: 0, Elapsed: 48.0s
2025-09-21 23:27:40,076 [INFO] Successfully acquired 1000 samples from the board.
2025-09-21 23:27:40,081 [INFO] Frames: 13, Dropped: 0, Elapsed: 52.0s
2025-09-21 23:27:44,076 [INFO] Successfully acquired 1000 samples from the board.
2025-09-21 23:27:44,082 [INFO] Frames: 14, Dropped: 0, Elapsed: 56.0s
2025-09-21 23:27:48,077 [INFO] Successfully acquired 1000 samples from the board.
2025-09-21 23:27:48,082 [INFO] Frames: 15, Dropped: 0, Elapsed: 60.0s
2025-09-21 23:27:52,077 [INFO] Successfully acquired 1000 samples from the board.
2025-09-21 23:27:52,083 [INFO] Frames: 16, Dropped: 0, Elapsed: 64.0s
2025-09-21 23:27:56,077 [INFO] Successfully acquired 1000 samples from the board.
2025-09-21 23:27:56,083 [INFO] Frames: 17, Dropped: 0, Elapsed: 68.0s
2025-09-21 23:28:00,078 [INFO] Successfully acquired 1000 samples from the board.
2025-09-21 23:28:00,085 [INFO] Frames: 18, Dropped: 0, Elapsed: 72.0s
2025-09-21 23:28:04,078 [INFO] Successfully acquired 1000 samples from the board.
2025-09-21 23:28:04,083 [INFO] Frames: 19, Dropped: 0, Elapsed: 76.0s
2025-09-21 23:28:08,078 [INFO] Successfully acquired 1000 samples from the board.
2025-09-21 23:28:08,082 [INFO] Frames: 20, Dropped: 0, Elapsed: 80.0s
2025-09-21 23:28:12,079 [INFO] Successfully acquired 1000 samples from the board.
2025-09-21 23:28:12,085 [INFO] Frames: 21, Dropped: 0, Elapsed: 84.0s
2025-09-21 23:28:16,079 [INFO] Successfully acquired 1000 samples from the board.
2025-09-21 23:28:16,086 [INFO] Frames: 22, Dropped: 0, Elapsed: 88.0s
2025-09-21 23:28:20,079 [INFO] Successfully acquired 1000 samples from the board.
2025-09-21 23:28:20,085 [INFO] Frames: 23, Dropped: 0, Elapsed: 92.0s
2025-09-21 23:28:24,080 [INFO] Successfully acquired 1000 samples from the board.
2025-09-21 23:28:24,085 [INFO] Frames: 24, Dropped: 0, Elapsed: 96.0s
2025-09-21 23:28:28,080 [INFO] Successfully acquired 1000 samples from the board.
2025-09-21 23:28:28,086 [INFO] Frames: 25, Dropped: 0, Elapsed: 100.0s
2025-09-21 23:28:32,081 [INFO] Successfully acquired 1000 samples from the board.
2025-09-21 23:28:32,086 [INFO] Frames: 26, Dropped: 0, Elapsed: 104.0s
2025-09-21 23:28:36,081 [INFO] Successfully acquired 1000 samples from the board.
2025-09-21 23:28:36,088 [INFO] Frames: 27, Dropped: 0, Elapsed: 108.0s
2025-09-21 23:28:39,767 [INFO] Keyboard Interrupt Detected. Closing gracefully...
2025-09-21 23:28:39,768 [INFO] Closing application gracefully...
2025-09-21 23:28:39,772 [INFO] Session closed successfully.
2025-09-21 23:48:52,144 [INFO] Initializing BrainFlow BoardShim...
2025-09-21 23:48:52,192 [INFO] ---- Starting the EEG Data Streaming ----
2025-09-21 23:48:52,677 [WARNING] Data packet too small: 118 samples. Attempting to recover...
2025-09-21 23:48:52,778 [WARNING] Data packet too small: 144 samples. Attempting to recover...
2025-09-21 23:48:52,880 [WARNING] Data packet too small: 169 samples. Attempting to recover...
2025-09-21 23:48:52,981 [WARNING] Data packet too small: 198 samples. Attempting to recover...
2025-09-21 23:48:53,083 [WARNING] Data packet too small: 223 samples. Attempting to recover...
2025-09-21 23:48:53,184 [WARNING] Data packet too small: 248 samples. Attempting to recover...
2025-09-21 23:48:53,286 [WARNING] Data packet too small: 273 samples. Attempting to recover...
2025-09-21 23:48:53,387 [WARNING] Data packet too small: 298 samples. Attempting to recover...
2025-09-21 23:48:53,489 [WARNING] Data packet too small: 323 samples. Attempting to recover...
2025-09-21 23:48:53,590 [WARNING] Data packet too small: 348 samples. Attempting to recover...
2025-09-21 23:48:53,692 [WARNING] Data packet too small: 373 samples. Attempting to recover...
2025-09-21 23:48:53,793 [WARNING] Data packet too small: 398 samples. Attempting to recover...
2025-09-21 23:48:53,894 [WARNING] Data packet too small: 424 samples. Attempting to recover...
2025-09-21 23:48:53,996 [WARNING] Data packet too small: 449 samples. Attempting to recover...
2025-09-21 23:48:54,097 [WARNING] Data packet too small: 473 samples. Attempting to recover...
2025-09-21 23:48:54,199 [WARNING] Data packet too small: 499 samples. Attempting to recover...
2025-09-21 23:48:54,300 [WARNING] Data packet too small: 527 samples. Attempting to recover...
2025-09-21 23:48:54,402 [WARNING] Data packet too small: 552 samples. Attempting to recover...
2025-09-21 23:48:54,503 [WARNING] Data packet too small: 577 samples. Attempting to recover...
2025-09-21 23:48:54,605 [WARNING] Data packet too small: 602 samples. Attempting to recover...
2025-09-21 23:48:54,706 [WARNING] Data packet too small: 627 samples. Attempting to recover...
2025-09-21 23:48:54,807 [WARNING] Data packet too small: 652 samples. Attempting to recover...
2025-09-21 23:48:54,909 [WARNING] Data packet too small: 677 samples. Attempting to recover...
2025-09-21 23:48:55,010 [WARNING] Data packet too small: 702 samples. Attempting to recover...
2025-09-21 23:48:55,112 [WARNING] Data packet too small: 728 samples. Attempting to recover...
2025-09-21 23:48:55,213 [WARNING] Data packet too small: 752 samples. Attempting to recover...
2025-09-21 23:48:55,315 [WARNING] Data packet too small: 781 samples. Attempting to recover...
2025-09-21 23:48:55,417 [WARNING] Data packet too small: 806 samples. Attempting to recover...
2025-09-21 23:48:55,518 [WARNING] Data packet too small: 831 samples. Attempting to recover...
2025-09-21 23:48:55,619 [WARNING] Data packet too small: 856 samples. Attempting to recover...
2025-09-21 23:48:55,721 [WARNING] Data packet too small: 881 samples. Attempting to recover...
2025-09-21 23:48:55,823 [WARNING] Data packet too small: 906 samples. Attempting to recover...
2025-09-21 23:48:55,924 [WARNING] Data packet too small: 931 samples. Attempting to recover...
2025-09-21 23:48:56,025 [WARNING] Data packet too small: 957 samples. Attempting to recover...
2025-09-21 23:48:56,127 [WARNING] Data packet too small: 981 samples. Attempting to recover...
2025-09-21 23:48:56,228 [INFO] Successfully acquired 1000 samples from the board.
2025-09-21 23:48:56,236 [INFO] Frames: 1, Dropped: 0, Elapsed: 4.0s
2025-09-21 23:49:00,229 [INFO] Successfully acquired 1000 samples from the board.
2025-09-21 23:49:00,237 [INFO] Frames: 2, Dropped: 0, Elapsed: 8.0s
2025-09-21 23:49:04,229 [INFO] Successfully acquired 1000 samples from the board.
2025-09-21 23:49:04,234 [INFO] Frames: 3, Dropped: 0, Elapsed: 12.0s
2025-09-21 23:49:08,230 [INFO] Successfully acquired 1000 samples from the board.
2025-09-21 23:49:08,237 [INFO] Frames: 4, Dropped: 0, Elapsed: 16.0s
2025-09-21 23:49:12,230 [INFO] Successfully acquired 1000 samples from the board.
2025-09-21 23:49:12,236 [INFO] Frames: 5, Dropped: 0, Elapsed: 20.0s
2025-09-21 23:49:16,230 [INFO] Successfully acquired 1000 samples from the board.
2025-09-21 23:49:16,237 [INFO] Frames: 6, Dropped: 0, Elapsed: 24.0s
2025-09-21 23:49:17,672 [INFO] Keyboard Interrupt Detected. Closing gracefully...
2025-09-21 23:49:17,672 [INFO] Closing application gracefully...
2025-09-21 23:49:17,682 [INFO] Session closed successfully.
